<?xml version="1.0" encoding="UTF-8"?>
<testsuite name="com.cs3250p1.project1.Project1ApplicationTests" tests="1" skipped="0" failures="0" errors="0" timestamp="2020-10-06T22:18:19" hostname="DESKTOP-MACI12O" time="0.227">
  <properties/>
  <testcase name="contextLoads()" classname="com.cs3250p1.project1.Project1ApplicationTests" time="0.227"/>
  <system-out><![CDATA[16:18:18.569 [Test worker] DEBUG org.springframework.test.context.BootstrapUtils - Instantiating CacheAwareContextLoaderDelegate from class [org.springframework.test.context.cache.DefaultCacheAwareContextLoaderDelegate]
16:18:18.578 [Test worker] DEBUG org.springframework.test.context.BootstrapUtils - Instantiating BootstrapContext using constructor [public org.springframework.test.context.support.DefaultBootstrapContext(java.lang.Class,org.springframework.test.context.CacheAwareContextLoaderDelegate)]
16:18:18.597 [Test worker] DEBUG org.springframework.test.context.BootstrapUtils - Instantiating TestContextBootstrapper for test class [com.cs3250p1.project1.Project1ApplicationTests] from class [org.springframework.boot.test.context.SpringBootTestContextBootstrapper]
16:18:18.607 [Test worker] INFO org.springframework.boot.test.context.SpringBootTestContextBootstrapper - Neither @ContextConfiguration nor @ContextHierarchy found for test class [com.cs3250p1.project1.Project1ApplicationTests], using SpringBootContextLoader
16:18:18.610 [Test worker] DEBUG org.springframework.test.context.support.AbstractContextLoader - Did not detect default resource location for test class [com.cs3250p1.project1.Project1ApplicationTests]: class path resource [com/cs3250p1/project1/Project1ApplicationTests-context.xml] does not exist
16:18:18.611 [Test worker] DEBUG org.springframework.test.context.support.AbstractContextLoader - Did not detect default resource location for test class [com.cs3250p1.project1.Project1ApplicationTests]: class path resource [com/cs3250p1/project1/Project1ApplicationTestsContext.groovy] does not exist
16:18:18.611 [Test worker] INFO org.springframework.test.context.support.AbstractContextLoader - Could not detect default resource locations for test class [com.cs3250p1.project1.Project1ApplicationTests]: no resource found for suffixes {-context.xml, Context.groovy}.
16:18:18.611 [Test worker] INFO org.springframework.test.context.support.AnnotationConfigContextLoaderUtils - Could not detect default configuration classes for test class [com.cs3250p1.project1.Project1ApplicationTests]: Project1ApplicationTests does not declare any static, non-private, non-final, nested classes annotated with @Configuration.
16:18:18.637 [Test worker] DEBUG org.springframework.test.context.support.ActiveProfilesUtils - Could not find an 'annotation declaring class' for annotation type [org.springframework.test.context.ActiveProfiles] and class [com.cs3250p1.project1.Project1ApplicationTests]
16:18:18.690 [Test worker] DEBUG org.springframework.context.annotation.ClassPathScanningCandidateComponentProvider - Identified candidate component class: file [C:\Users\noelc\Documents\GitHub\Project1\build\classes\java\main\com\cs3250p1\project1\Project1Application.class]
16:18:18.692 [Test worker] INFO org.springframework.boot.test.context.SpringBootTestContextBootstrapper - Found @SpringBootConfiguration com.cs3250p1.project1.Project1Application for test class com.cs3250p1.project1.Project1ApplicationTests
16:18:18.759 [Test worker] DEBUG org.springframework.boot.test.context.SpringBootTestContextBootstrapper - @TestExecutionListeners is not present for class [com.cs3250p1.project1.Project1ApplicationTests]: using defaults.
16:18:18.759 [Test worker] INFO org.springframework.boot.test.context.SpringBootTestContextBootstrapper - Loaded default TestExecutionListener class names from location [META-INF/spring.factories]: [org.springframework.boot.test.autoconfigure.restdocs.RestDocsTestExecutionListener, org.springframework.boot.test.autoconfigure.web.client.MockRestServiceServerResetTestExecutionListener, org.springframework.boot.test.autoconfigure.web.servlet.MockMvcPrintOnlyOnFailureTestExecutionListener, org.springframework.boot.test.autoconfigure.web.servlet.WebDriverTestExecutionListener, org.springframework.boot.test.autoconfigure.webservices.client.MockWebServiceServerTestExecutionListener, org.springframework.boot.test.mock.mockito.MockitoTestExecutionListener, org.springframework.boot.test.mock.mockito.ResetMocksTestExecutionListener, org.springframework.test.context.web.ServletTestExecutionListener, org.springframework.test.context.support.DirtiesContextBeforeModesTestExecutionListener, org.springframework.test.context.support.DependencyInjectionTestExecutionListener, org.springframework.test.context.support.DirtiesContextTestExecutionListener, org.springframework.test.context.transaction.TransactionalTestExecutionListener, org.springframework.test.context.jdbc.SqlScriptsTestExecutionListener, org.springframework.test.context.event.EventPublishingTestExecutionListener]
16:18:18.765 [Test worker] DEBUG org.springframework.boot.test.context.SpringBootTestContextBootstrapper - Skipping candidate TestExecutionListener [org.springframework.test.context.web.ServletTestExecutionListener] due to a missing dependency. Specify custom listener classes or make the default listener classes and their required dependencies available. Offending class: [javax/servlet/ServletContext]
16:18:18.766 [Test worker] DEBUG org.springframework.boot.test.context.SpringBootTestContextBootstrapper - Skipping candidate TestExecutionListener [org.springframework.test.context.transaction.TransactionalTestExecutionListener] due to a missing dependency. Specify custom listener classes or make the default listener classes and their required dependencies available. Offending class: [org/springframework/transaction/interceptor/TransactionAttributeSource]
16:18:18.766 [Test worker] DEBUG org.springframework.boot.test.context.SpringBootTestContextBootstrapper - Skipping candidate TestExecutionListener [org.springframework.test.context.jdbc.SqlScriptsTestExecutionListener] due to a missing dependency. Specify custom listener classes or make the default listener classes and their required dependencies available. Offending class: [org/springframework/transaction/interceptor/TransactionAttribute]
16:18:18.766 [Test worker] INFO org.springframework.boot.test.context.SpringBootTestContextBootstrapper - Using TestExecutionListeners: [org.springframework.test.context.support.DirtiesContextBeforeModesTestExecutionListener@51d81460, org.springframework.boot.test.mock.mockito.MockitoTestExecutionListener@f659a0b, org.springframework.boot.test.autoconfigure.SpringBootDependencyInjectionTestExecutionListener@42c18b8f, org.springframework.test.context.support.DirtiesContextTestExecutionListener@2ec52698, org.springframework.test.context.event.EventPublishingTestExecutionListener@3faf4c34, org.springframework.boot.test.autoconfigure.restdocs.RestDocsTestExecutionListener@1c393c08, org.springframework.boot.test.autoconfigure.web.client.MockRestServiceServerResetTestExecutionListener@52ea51f3, org.springframework.boot.test.autoconfigure.web.servlet.MockMvcPrintOnlyOnFailureTestExecutionListener@551c4cd0, org.springframework.boot.test.autoconfigure.web.servlet.WebDriverTestExecutionListener@109764ab, org.springframework.boot.test.autoconfigure.webservices.client.MockWebServiceServerTestExecutionListener@459bc3cd, org.springframework.boot.test.mock.mockito.ResetMocksTestExecutionListener@45fe7744]
16:18:18.769 [Test worker] DEBUG org.springframework.test.context.support.AbstractDirtiesContextTestExecutionListener - Before test class: context [DefaultTestContext@39219578 testClass = Project1ApplicationTests, testInstance = [null], testMethod = [null], testException = [null], mergedContextConfiguration = [MergedContextConfiguration@29ad9138 testClass = Project1ApplicationTests, locations = '{}', classes = '{class com.cs3250p1.project1.Project1Application}', contextInitializerClasses = '[]', activeProfiles = '{}', propertySourceLocations = '{}', propertySourceProperties = '{org.springframework.boot.test.context.SpringBootTestContextBootstrapper=true}', contextCustomizers = set[org.springframework.boot.test.autoconfigure.properties.PropertyMappingContextCustomizer@0, org.springframework.boot.test.autoconfigure.web.servlet.WebDriverContextCustomizerFactory$Customizer@4ae043d4, org.springframework.boot.test.context.filter.ExcludeFilterContextCustomizer@38422557, org.springframework.boot.test.json.DuplicateJsonObjectContextCustomizerFactory$DuplicateJsonObjectContextCustomizer@1789b11e, org.springframework.boot.test.mock.mockito.MockitoContextCustomizer@0, org.springframework.boot.test.web.client.TestRestTemplateContextCustomizer@53f2c301, org.springframework.boot.test.context.SpringBootTestArgs@1], contextLoader = 'org.springframework.boot.test.context.SpringBootContextLoader', parent = [null]], attributes = map[[empty]]], class annotated with @DirtiesContext [false] with mode [null].
16:18:18.776 [Test worker] DEBUG org.springframework.test.context.support.DependencyInjectionTestExecutionListener - Performing dependency injection for test context [[DefaultTestContext@39219578 testClass = Project1ApplicationTests, testInstance = com.cs3250p1.project1.Project1ApplicationTests@76001081, testMethod = [null], testException = [null], mergedContextConfiguration = [MergedContextConfiguration@29ad9138 testClass = Project1ApplicationTests, locations = '{}', classes = '{class com.cs3250p1.project1.Project1Application}', contextInitializerClasses = '[]', activeProfiles = '{}', propertySourceLocations = '{}', propertySourceProperties = '{org.springframework.boot.test.context.SpringBootTestContextBootstrapper=true}', contextCustomizers = set[org.springframework.boot.test.autoconfigure.properties.PropertyMappingContextCustomizer@0, org.springframework.boot.test.autoconfigure.web.servlet.WebDriverContextCustomizerFactory$Customizer@4ae043d4, org.springframework.boot.test.context.filter.ExcludeFilterContextCustomizer@38422557, org.springframework.boot.test.json.DuplicateJsonObjectContextCustomizerFactory$DuplicateJsonObjectContextCustomizer@1789b11e, org.springframework.boot.test.mock.mockito.MockitoContextCustomizer@0, org.springframework.boot.test.web.client.TestRestTemplateContextCustomizer@53f2c301, org.springframework.boot.test.context.SpringBootTestArgs@1], contextLoader = 'org.springframework.boot.test.context.SpringBootContextLoader', parent = [null]], attributes = map[[empty]]]].
16:18:18.790 [Test worker] DEBUG org.springframework.test.context.support.TestPropertySourceUtils - Adding inlined properties to environment: {spring.jmx.enabled=false, org.springframework.boot.test.context.SpringBootTestContextBootstrapper=true}

  .   ____          _            __ _ _
 /\\ / ___'_ __ _ _(_)_ __  __ _ \ \ \ \
( ( )\___ | '_ | '_| | '_ \/ _` | \ \ \ \
 \\/  ___)| |_)| | | | | || (_| |  ) ) ) )
  '  |____| .__|_| |_|_| |_\__, | / / / /
 =========|_|==============|___/=/_/_/_/
 :: Spring Boot ::        (v2.3.4.RELEASE)

2020-10-06 16:18:18.961  INFO 19324 --- [    Test worker] c.c.project1.Project1ApplicationTests    : Starting Project1ApplicationTests on DESKTOP-MACI12O with PID 19324 (started by noelc in C:\Users\noelc\Documents\GitHub\Project1)
2020-10-06 16:18:18.962  INFO 19324 --- [    Test worker] c.c.project1.Project1ApplicationTests    : No active profile set, falling back to default profiles: default
2020-10-06 16:18:19.286  INFO 19324 --- [    Test worker] c.c.project1.Project1ApplicationTests    : Started Project1ApplicationTests in 0.493 seconds (JVM running for 1.407)
]]></system-out>
  <system-err><![CDATA[]]></system-err>
</testsuite>
